<?xml version="1.0" encoding="UTF-8"?>
<testng-results ignored="0" total="3" passed="2" failed="1" skipped="0">
  <reporter-output>
  </reporter-output>
  <suite started-at="2024-05-24T15:57:59 IST" name="Default suite" finished-at="2024-05-24T15:58:32 IST" duration-ms="33596">
    <groups>
    </groups>
    <test started-at="2024-05-24T15:57:59 IST" name="Default test" finished-at="2024-05-24T15:58:32 IST" duration-ms="33596">
      <class name="com.ecommerce.dawnTheme.VerifyAddedProductInTheCart">
        <test-method is-config="true" signature="beforeClass()[pri:0, instance:com.ecommerce.dawnTheme.VerifyAddedProductInTheCart@60bd273d]" started-at="2024-05-24T15:57:59 IST" name="beforeClass" finished-at="2024-05-24T15:58:01 IST" duration-ms="2456" status="PASS">
          <reporter-output>
          </reporter-output>
        </test-method> <!-- beforeClass -->
        <test-method is-config="true" signature="beforeMethod()[pri:0, instance:com.ecommerce.dawnTheme.VerifyAddedProductInTheCart@60bd273d]" started-at="2024-05-24T15:58:01 IST" name="beforeMethod" finished-at="2024-05-24T15:58:02 IST" duration-ms="1015" status="PASS">
          <reporter-output>
          </reporter-output>
        </test-method> <!-- beforeMethod -->
        <test-method signature="NavigateToPDP()[pri:0, instance:com.ecommerce.dawnTheme.VerifyAddedProductInTheCart@60bd273d]" started-at="2024-05-24T15:58:02 IST" name="NavigateToPDP" finished-at="2024-05-24T15:58:17 IST" duration-ms="14294" status="PASS">
          <reporter-output>
          </reporter-output>
        </test-method> <!-- NavigateToPDP -->
        <test-method is-config="true" signature="beforeMethod()[pri:0, instance:com.ecommerce.dawnTheme.VerifyAddedProductInTheCart@60bd273d]" started-at="2024-05-24T15:58:17 IST" name="beforeMethod" finished-at="2024-05-24T15:58:18 IST" duration-ms="1004" status="PASS">
          <reporter-output>
          </reporter-output>
        </test-method> <!-- beforeMethod -->
        <test-method signature="addToCart()[pri:2, instance:com.ecommerce.dawnTheme.VerifyAddedProductInTheCart@60bd273d]" started-at="2024-05-24T15:58:18 IST" name="addToCart" finished-at="2024-05-24T15:58:26 IST" depends-on-methods="com.ecommerce.dawnTheme.VerifyAddedProductInTheCart.NavigateToPDP" duration-ms="8138" status="PASS">
          <reporter-output>
          </reporter-output>
        </test-method> <!-- addToCart -->
        <test-method is-config="true" signature="beforeMethod()[pri:0, instance:com.ecommerce.dawnTheme.VerifyAddedProductInTheCart@60bd273d]" started-at="2024-05-24T15:58:26 IST" name="beforeMethod" finished-at="2024-05-24T15:58:27 IST" duration-ms="1016" status="PASS">
          <reporter-output>
          </reporter-output>
        </test-method> <!-- beforeMethod -->
        <test-method signature="verifyProduct()[pri:3, instance:com.ecommerce.dawnTheme.VerifyAddedProductInTheCart@60bd273d]" started-at="2024-05-24T15:58:27 IST" name="verifyProduct" finished-at="2024-05-24T15:58:27 IST" depends-on-methods="com.ecommerce.dawnTheme.VerifyAddedProductInTheCart.addToCart" duration-ms="602" status="FAIL">
          <exception class="java.lang.AssertionError">
            <message>
              <![CDATA[expected [] but found [1]]]>
            </message>
            <full-stacktrace>
              <![CDATA[java.lang.AssertionError: expected [] but found [1]
at org.testng.Assert.fail(Assert.java:99)
at org.testng.Assert.failNotEquals(Assert.java:1037)
at org.testng.Assert.assertEqualsImpl(Assert.java:140)
at org.testng.Assert.assertEquals(Assert.java:122)
at org.testng.Assert.assertEquals(Assert.java:629)
at org.testng.Assert.assertEquals(Assert.java:639)
at com.ecommerce.dawnTheme.VerifyAddedProductInTheCart.verifyProduct(VerifyAddedProductInTheCart.java:125)
at java.base/jdk.internal.reflect.DirectMethodHandleAccessor.invoke(DirectMethodHandleAccessor.java:103)
at java.base/java.lang.reflect.Method.invoke(Method.java:580)
at org.testng.internal.MethodInvocationHelper.invokeMethod(MethodInvocationHelper.java:133)
at org.testng.internal.TestInvoker.invokeMethod(TestInvoker.java:598)
at org.testng.internal.TestInvoker.invokeTestMethod(TestInvoker.java:173)
at org.testng.internal.MethodRunner.runInSequence(MethodRunner.java:46)
at org.testng.internal.TestInvoker$MethodInvocationAgent.invoke(TestInvoker.java:824)
at org.testng.internal.TestInvoker.invokeTestMethods(TestInvoker.java:146)
at org.testng.internal.TestMethodWorker.invokeTestMethods(TestMethodWorker.java:146)
at org.testng.internal.TestMethodWorker.run(TestMethodWorker.java:128)
at java.base/java.util.ArrayList.forEach(ArrayList.java:1596)
at org.testng.TestRunner.privateRun(TestRunner.java:794)
at org.testng.TestRunner.run(TestRunner.java:596)
at org.testng.SuiteRunner.runTest(SuiteRunner.java:377)
at org.testng.SuiteRunner.runSequentially(SuiteRunner.java:371)
at org.testng.SuiteRunner.privateRun(SuiteRunner.java:332)
at org.testng.SuiteRunner.run(SuiteRunner.java:276)
at org.testng.SuiteRunnerWorker.runSuite(SuiteRunnerWorker.java:53)
at org.testng.SuiteRunnerWorker.run(SuiteRunnerWorker.java:96)
at org.testng.TestNG.runSuitesSequentially(TestNG.java:1212)
at org.testng.TestNG.runSuitesLocally(TestNG.java:1134)
at org.testng.TestNG.runSuites(TestNG.java:1063)
at org.testng.TestNG.run(TestNG.java:1031)
at org.testng.remote.AbstractRemoteTestNG.run(AbstractRemoteTestNG.java:115)
at org.testng.remote.RemoteTestNG.initAndRun(RemoteTestNG.java:293)
at org.testng.remote.RemoteTestNG.main(RemoteTestNG.java:91)
]]>
            </full-stacktrace>
          </exception> <!-- java.lang.AssertionError -->
          <reporter-output>
          </reporter-output>
        </test-method> <!-- verifyProduct -->
        <test-method is-config="true" signature="afterClass()[pri:0, instance:com.ecommerce.dawnTheme.VerifyAddedProductInTheCart@60bd273d]" started-at="2024-05-24T15:58:27 IST" name="afterClass" finished-at="2024-05-24T15:58:32 IST" duration-ms="5012" status="PASS">
          <reporter-output>
          </reporter-output>
        </test-method> <!-- afterClass -->
      </class> <!-- com.ecommerce.dawnTheme.VerifyAddedProductInTheCart -->
    </test> <!-- Default test -->
  </suite> <!-- Default suite -->
</testng-results>
